<?xml version="1.0" encoding="UTF-8"?>
<testsuite xmlns:xsi="http://www.w3.org/2001/XMLSchema-instance" xsi:noNamespaceSchemaLocation="https://maven.apache.org/surefire/maven-surefire-plugin/xsd/surefire-test-report.xsd" version="3.0.2" name="br.com.fiap.lambda.FeedbackHandlerTest" time="0.092" tests="2" errors="0" skipped="0" failures="0">
  <properties>
[...]
</properties>
  <testcase name="deveRegistrarFeedbackPositivoSemNotificacao" classname="br.com.fiap.lambda.FeedbackHandlerTest" time="0.047">
    <system-out><![CDATA[LOG: Recebido feedback: Feedback{usuario='Beatriz', nota=5, comentario='Gostei bastante!'}
]]></system-out>
  </testcase>
  <testcase name="deveEnviarNotificacaoParaFeedbackNegativo" classname="br.com.fiap.lambda.FeedbackHandlerTest" time="0.0">
    <system-out><![CDATA[LOG: Recebido feedback: Feedback{usuario='Beatriz', nota=2, comentario='Atendimento demorou muito'}
Notificação simulada: Feedback{usuario='Beatriz', nota=2, comentario='Atendimento demorou muito'}
]]></system-out>
  </testcase>
</testsuite>